Arguments: 
  /home/yj/.nvm/versions/node/v10.21.0/bin/node /usr/share/yarn/bin/yarn.js add zce-pages --dev

PATH: 
  /home/yj/.local/bin:/home/yj/.nvm/versions/node/v10.21.0/bin:/home/yj/.local/bin:/home/yj/.local/bin:/usr/local/sbin:/usr/local/bin:/usr/sbin:/usr/bin:/sbin:/bin:/usr/games:/usr/local/games:/snap/bin

Yarn version: 
  1.22.4

Node version: 
  10.21.0

Platform: 
  linux x64

Trace: 
  SyntaxError: /home/yj/my/yj/package.json: Unexpected token } in JSON at position 603
      at JSON.parse (<anonymous>)
      at /usr/share/yarn/lib/cli.js:1625:59
      at Generator.next (<anonymous>)
      at step (/usr/share/yarn/lib/cli.js:310:30)
      at /usr/share/yarn/lib/cli.js:321:13

npm manifest: 
  {
    "name": "@yj/gulp-cli",
    "version": "0.0.1",
    "description": "gulp cli base",
    "bin": "bin/yj-gulp-cli.js",
    "main": "lib/index.js",
    "author": "yj",
    "license": "MIT"
  }

yarn manifest: 
  No manifest

Lockfile: 
  No lockfile
